# JRE version: Java(TM) SE Runtime Environment (8.0_101-b13) (build 1.8.0_101-b13)
# Java VM: Java HotSpot(TM) 64-Bit Server VM (25.101-b13 mixed mode windows-amd64 compressed oops)
Heap:
 PSYoungGen      total 245248K, used 195402K [0x00000000e0000000, 0x00000000f1080000, 0x0000000100000000)
  eden space 216576K, 90% used [0x00000000e0000000,0x00000000ebe933d8,0x00000000ed380000)
  from space 28672K, 0% used [0x00000000ef480000,0x00000000ef4bf5d0,0x00000000f1080000)
  to   space 31232K, 0% used [0x00000000ed380000,0x00000000ed380000,0x00000000ef200000)
 ParOldGen       total 110592K, used 62181K [0x00000000a0000000, 0x00000000a6c00000, 0x00000000e0000000)
  object space 110592K, 56% used [0x00000000a0000000,0x00000000a3cb95a8,0x00000000a6c00000)
 Metaspace       used 19643K, capacity 20632K, committed 20992K, reserved 1067008K
  class space    used 2739K, capacity 2949K, committed 3072K, reserved 1048576K
GC Heap History (10 events):
Event: 46.132 GC heap before
{Heap before GC invocations=10 (full 1):
 PSYoungGen      total 115200K, used 107315K [0x00000000e0000000, 0x00000000e8b00000, 0x0000000100000000)
  eden space 95232K, 100% used [0x00000000e0000000,0x00000000e5d00000,0x00000000e5d00000)
  from space 19968K, 60% used [0x00000000e7780000,0x00000000e834cdf0,0x00000000e8b00000)
  to   space 23552K, 0% used [0x00000000e5d00000,0x00000000e5d00000,0x00000000e7400000)
 ParOldGen       total 79872K, used 38834K [0x00000000a0000000, 0x00000000a4e00000, 0x00000000e0000000)
  object space 79872K, 48% used [0x00000000a0000000,0x00000000a25ec920,0x00000000a4e00000)
 Metaspace       used 19445K, capacity 20428K, committed 20736K, reserved 1067008K
  class space    used 2739K, capacity 2949K, committed 3072K, reserved 1048576K
Event: 46.252 GC heap after
Heap after GC invocations=10 (full 1):
 PSYoungGen      total 118784K, used 23535K [0x00000000e0000000, 0x00000000ed180000, 0x0000000100000000)
  eden space 95232K, 0% used [0x00000000e0000000,0x00000000e0000000,0x00000000e5d00000)
  from space 23552K, 99% used [0x00000000e5d00000,0x00000000e73fbe98,0x00000000e7400000)
  to   space 32768K, 0% used [0x00000000eb180000,0x00000000eb180000,0x00000000ed180000)
 ParOldGen       total 79872K, used 51561K [0x00000000a0000000, 0x00000000a4e00000, 0x00000000e0000000)
  object space 79872K, 64% used [0x00000000a0000000,0x00000000a325a798,0x00000000a4e00000)
 Metaspace       used 19445K, capacity 20428K, committed 20736K, reserved 1067008K
  class space    used 2739K, capacity 2949K, committed 3072K, reserved 1048576K
}
Event: 54.435 GC heap before
{Heap before GC invocations=11 (full 1):
 PSYoungGen      total 118784K, used 118767K [0x00000000e0000000, 0x00000000ed180000, 0x0000000100000000)
  eden space 95232K, 100% used [0x00000000e0000000,0x00000000e5d00000,0x00000000e5d00000)
  from space 23552K, 99% used [0x00000000e5d00000,0x00000000e73fbe98,0x00000000e7400000)
  to   space 32768K, 0% used [0x00000000eb180000,0x00000000eb180000,0x00000000ed180000)
 ParOldGen       total 79872K, used 51561K [0x00000000a0000000, 0x00000000a4e00000, 0x00000000e0000000)
  object space 79872K, 64% used [0x00000000a0000000,0x00000000a325a798,0x00000000a4e00000)
 Metaspace       used 19445K, capacity 20428K, committed 20736K, reserved 1067008K
  class space    used 2739K, capacity 2949K, committed 3072K, reserved 1048576K
Event: 54.507 GC heap after
Heap after GC invocations=11 (full 1):
 PSYoungGen      total 174592K, used 13040K [0x00000000e0000000, 0x00000000ecc00000, 0x0000000100000000)
  eden space 147456K, 0% used [0x00000000e0000000,0x00000000e0000000,0x00000000e9000000)
  from space 27136K, 48% used [0x00000000eb180000,0x00000000ebe3c370,0x00000000ecc00000)
  to   space 30720K, 0% used [0x00000000e9000000,0x00000000e9000000,0x00000000eae00000)
 ParOldGen       total 79872K, used 62875K [0x00000000a0000000, 0x00000000a4e00000, 0x00000000e0000000)
  object space 79872K, 78% used [0x00000000a0000000,0x00000000a3d66fe8,0x00000000a4e00000)
 Metaspace       used 19445K, capacity 20428K, committed 20736K, reserved 1067008K
  class space    used 2739K, capacity 2949K, committed 3072K, reserved 1048576K
}
Event: 54.507 GC heap before
{Heap before GC invocations=12 (full 2):
 PSYoungGen      total 174592K, used 13040K [0x00000000e0000000, 0x00000000ecc00000, 0x0000000100000000)
  eden space 147456K, 0% used [0x00000000e0000000,0x00000000e0000000,0x00000000e9000000)
  from space 27136K, 48% used [0x00000000eb180000,0x00000000ebe3c370,0x00000000ecc00000)
  to   space 30720K, 0% used [0x00000000e9000000,0x00000000e9000000,0x00000000eae00000)
 ParOldGen       total 79872K, used 62875K [0x00000000a0000000, 0x00000000a4e00000, 0x00000000e0000000)
  object space 79872K, 78% used [0x00000000a0000000,0x00000000a3d66fe8,0x00000000a4e00000)
 Metaspace       used 19445K, capacity 20428K, committed 20736K, reserved 1067008K
  class space    used 2739K, capacity 2949K, committed 3072K, reserved 1048576K
Event: 55.023 GC heap after
Heap after GC invocations=12 (full 2):
 PSYoungGen      total 174592K, used 0K [0x00000000e0000000, 0x00000000ecc00000, 0x0000000100000000)
  eden space 147456K, 0% used [0x00000000e0000000,0x00000000e0000000,0x00000000e9000000)
  from space 27136K, 0% used [0x00000000eb180000,0x00000000eb180000,0x00000000ecc00000)
  to   space 30720K, 0% used [0x00000000e9000000,0x00000000e9000000,0x00000000eae00000)
 ParOldGen       total 110592K, used 61845K [0x00000000a0000000, 0x00000000a6c00000, 0x00000000e0000000)
  object space 110592K, 55% used [0x00000000a0000000,0x00000000a3c65500,0x00000000a6c00000)
 Metaspace       used 19445K, capacity 20428K, committed 20736K, reserved 1067008K
  class space    used 2739K, capacity 2949K, committed 3072K, reserved 1048576K
}
Event: 56.753 GC heap before
{Heap before GC invocations=13 (full 2):
 PSYoungGen      total 174592K, used 147456K [0x00000000e0000000, 0x00000000ecc00000, 0x0000000100000000)
  eden space 147456K, 100% used [0x00000000e0000000,0x00000000e9000000,0x00000000e9000000)
  from space 27136K, 0% used [0x00000000eb180000,0x00000000eb180000,0x00000000ecc00000)
  to   space 30720K, 0% used [0x00000000e9000000,0x00000000e9000000,0x00000000eae00000)
 ParOldGen       total 110592K, used 61845K [0x00000000a0000000, 0x00000000a6c00000, 0x00000000e0000000)
  object space 110592K, 55% used [0x00000000a0000000,0x00000000a3c65500,0x00000000a6c00000)
 Metaspace       used 19493K, capacity 20492K, committed 20736K, reserved 1067008K
  class space    used 2739K, capacity 2949K, committed 3072K, reserved 1048576K
Event: 56.756 GC heap after
Heap after GC invocations=13 (full 2):
 PSYoungGen      total 178176K, used 903K [0x00000000e0000000, 0x00000000f1280000, 0x0000000100000000)
  eden space 147456K, 0% used [0x00000000e0000000,0x00000000e0000000,0x00000000e9000000)
  from space 30720K, 2% used [0x00000000e9000000,0x00000000e90e1e40,0x00000000eae00000)
  to   space 30720K, 0% used [0x00000000ef480000,0x00000000ef480000,0x00000000f1280000)
 ParOldGen       total 110592K, used 61853K [0x00000000a0000000, 0x00000000a6c00000, 0x00000000e0000000)
  object space 110592K, 55% used [0x00000000a0000000,0x00000000a3c67500,0x00000000a6c00000)
 Metaspace       used 19493K, capacity 20492K, committed 20736K, reserved 1067008K
  class space    used 2739K, capacity 2949K, committed 3072K, reserved 1048576K
}
Event: 56.940 GC heap before
{Heap before GC invocations=14 (full 2):
 PSYoungGen      total 178176K, used 148359K [0x00000000e0000000, 0x00000000f1280000, 0x0000000100000000)
  eden space 147456K, 100% used [0x00000000e0000000,0x00000000e9000000,0x00000000e9000000)
  from space 30720K, 2% used [0x00000000e9000000,0x00000000e90e1e40,0x00000000eae00000)
  to   space 30720K, 0% used [0x00000000ef480000,0x00000000ef480000,0x00000000f1280000)
 ParOldGen       total 110592K, used 61853K [0x00000000a0000000, 0x00000000a6c00000, 0x00000000e0000000)
  object space 110592K, 55% used [0x00000000a0000000,0x00000000a3c67500,0x00000000a6c00000)
 Metaspace       used 19493K, capacity 20492K, committed 20736K, reserved 1067008K
  class space    used 2739K, capacity 2949K, committed 3072K, reserved 1048576K
Event: 56.942 GC heap after
Heap after GC invocations=14 (full 2):
 PSYoungGen      total 245248K, used 253K [0x00000000e0000000, 0x00000000f1080000, 0x0000000100000000)
  eden space 216576K, 0% used [0x00000000e0000000,0x00000000e0000000,0x00000000ed380000)
  from space 28672K, 0% used [0x00000000ef480000,0x00000000ef4bf5d0,0x00000000f1080000)
  to   space 31232K, 0% used [0x00000000ed380000,0x00000000ed380000,0x00000000ef200000)
 ParOldGen       total 110592K, used 62181K [0x00000000a0000000, 0x00000000a6c00000, 0x00000000e0000000)
  object space 110592K, 56% used [0x00000000a0000000,0x00000000a3cb95a8,0x00000000a6c00000)
 Metaspace       used 19493K, capacity 20492K, committed 20736K, reserved 1067008K
  class space    used 2739K, capacity 2949K, committed 3072K, reserved 1048576K
}

