# JRE version: Java(TM) SE Runtime Environment (8.0_101-b13) (build 1.8.0_101-b13)
# Java VM: Java HotSpot(TM) 64-Bit Server VM (25.101-b13 mixed mode windows-amd64 compressed oops)
Heap:
 PSYoungGen      total 28672K, used 9375K [0x00000000e0000000, 0x00000000e3800000, 0x0000000100000000)
  eden space 24576K, 21% used [0x00000000e0000000,0x00000000e0528e00,0x00000000e1800000)
  from space 4096K, 99% used [0x00000000e1c00000,0x00000000e1ffef20,0x00000000e2000000)
  to   space 4096K, 0% used [0x00000000e1800000,0x00000000e1800000,0x00000000e1c00000)
 ParOldGen       total 65536K, used 35225K [0x00000000a0000000, 0x00000000a4000000, 0x00000000e0000000)
  object space 65536K, 53% used [0x00000000a0000000,0x00000000a2266668,0x00000000a4000000)
 Metaspace       used 19460K, capacity 20426K, committed 20736K, reserved 1067008K
  class space    used 2741K, capacity 2948K, committed 3072K, reserved 1048576K
GC Heap History (8 events):
Event: 1.271 GC heap before
{Heap before GC invocations=1 (full 0):
 PSYoungGen      total 28672K, used 24576K [0x00000000e0000000, 0x00000000e2000000, 0x0000000100000000)
  eden space 24576K, 100% used [0x00000000e0000000,0x00000000e1800000,0x00000000e1800000)
  from space 4096K, 0% used [0x00000000e1c00000,0x00000000e1c00000,0x00000000e2000000)
  to   space 4096K, 0% used [0x00000000e1800000,0x00000000e1800000,0x00000000e1c00000)
 ParOldGen       total 65536K, used 0K [0x00000000a0000000, 0x00000000a4000000, 0x00000000e0000000)
  object space 65536K, 0% used [0x00000000a0000000,0x00000000a0000000,0x00000000a4000000)
 Metaspace       used 13666K, capacity 14278K, committed 14464K, reserved 1060864K
  class space    used 1895K, capacity 2071K, committed 2176K, reserved 1048576K
Event: 1.283 GC heap after
Heap after GC invocations=1 (full 0):
 PSYoungGen      total 28672K, used 3808K [0x00000000e0000000, 0x00000000e2000000, 0x0000000100000000)
  eden space 24576K, 0% used [0x00000000e0000000,0x00000000e0000000,0x00000000e1800000)
  from space 4096K, 92% used [0x00000000e1800000,0x00000000e1bb8020,0x00000000e1c00000)
  to   space 4096K, 0% used [0x00000000e1c00000,0x00000000e1c00000,0x00000000e2000000)
 ParOldGen       total 65536K, used 80K [0x00000000a0000000, 0x00000000a4000000, 0x00000000e0000000)
  object space 65536K, 0% used [0x00000000a0000000,0x00000000a0014010,0x00000000a4000000)
 Metaspace       used 13666K, capacity 14278K, committed 14464K, reserved 1060864K
  class space    used 1895K, capacity 2071K, committed 2176K, reserved 1048576K
}
Event: 12.827 GC heap before
{Heap before GC invocations=2 (full 0):
 PSYoungGen      total 28672K, used 28384K [0x00000000e0000000, 0x00000000e2000000, 0x0000000100000000)
  eden space 24576K, 100% used [0x00000000e0000000,0x00000000e1800000,0x00000000e1800000)
  from space 4096K, 92% used [0x00000000e1800000,0x00000000e1bb8020,0x00000000e1c00000)
  to   space 4096K, 0% used [0x00000000e1c00000,0x00000000e1c00000,0x00000000e2000000)
 ParOldGen       total 65536K, used 80K [0x00000000a0000000, 0x00000000a4000000, 0x00000000e0000000)
  object space 65536K, 0% used [0x00000000a0000000,0x00000000a0014010,0x00000000a4000000)
 Metaspace       used 18155K, capacity 19172K, committed 19328K, reserved 1064960K
  class space    used 2711K, capacity 2937K, committed 2944K, reserved 1048576K
Event: 12.861 GC heap after
Heap after GC invocations=2 (full 0):
 PSYoungGen      total 28672K, used 4086K [0x00000000e0000000, 0x00000000e2000000, 0x0000000100000000)
  eden space 24576K, 0% used [0x00000000e0000000,0x00000000e0000000,0x00000000e1800000)
  from space 4096K, 99% used [0x00000000e1c00000,0x00000000e1ffda40,0x00000000e2000000)
  to   space 4096K, 0% used [0x00000000e1800000,0x00000000e1800000,0x00000000e1c00000)
 ParOldGen       total 65536K, used 7862K [0x00000000a0000000, 0x00000000a4000000, 0x00000000e0000000)
  object space 65536K, 11% used [0x00000000a0000000,0x00000000a07ada88,0x00000000a4000000)
 Metaspace       used 18155K, capacity 19172K, committed 19328K, reserved 1064960K
  class space    used 2711K, capacity 2937K, committed 2944K, reserved 1048576K
}
Event: 36.052 GC heap before
{Heap before GC invocations=3 (full 0):
 PSYoungGen      total 28672K, used 28662K [0x00000000e0000000, 0x00000000e2000000, 0x0000000100000000)
  eden space 24576K, 100% used [0x00000000e0000000,0x00000000e1800000,0x00000000e1800000)
  from space 4096K, 99% used [0x00000000e1c00000,0x00000000e1ffda40,0x00000000e2000000)
  to   space 4096K, 0% used [0x00000000e1800000,0x00000000e1800000,0x00000000e1c00000)
 ParOldGen       total 65536K, used 7862K [0x00000000a0000000, 0x00000000a4000000, 0x00000000e0000000)
  object space 65536K, 11% used [0x00000000a0000000,0x00000000a07ada88,0x00000000a4000000)
 Metaspace       used 19018K, capacity 19946K, committed 20096K, reserved 1067008K
  class space    used 2735K, capacity 2938K, committed 2944K, reserved 1048576K
Event: 36.105 GC heap after
Heap after GC invocations=3 (full 0):
 PSYoungGen      total 28672K, used 4088K [0x00000000e0000000, 0x00000000e2000000, 0x0000000100000000)
  eden space 24576K, 0% used [0x00000000e0000000,0x00000000e0000000,0x00000000e1800000)
  from space 4096K, 99% used [0x00000000e1800000,0x00000000e1bfe218,0x00000000e1c00000)
  to   space 4096K, 0% used [0x00000000e1c00000,0x00000000e1c00000,0x00000000e2000000)
 ParOldGen       total 65536K, used 21673K [0x00000000a0000000, 0x00000000a4000000, 0x00000000e0000000)
  object space 65536K, 33% used [0x00000000a0000000,0x00000000a152a530,0x00000000a4000000)
 Metaspace       used 19018K, capacity 19946K, committed 20096K, reserved 1067008K
  class space    used 2735K, capacity 2938K, committed 2944K, reserved 1048576K
}
Event: 36.409 GC heap before
{Heap before GC invocations=4 (full 0):
 PSYoungGen      total 28672K, used 28664K [0x00000000e0000000, 0x00000000e2000000, 0x0000000100000000)
  eden space 24576K, 100% used [0x00000000e0000000,0x00000000e1800000,0x00000000e1800000)
  from space 4096K, 99% used [0x00000000e1800000,0x00000000e1bfe218,0x00000000e1c00000)
  to   space 4096K, 0% used [0x00000000e1c00000,0x00000000e1c00000,0x00000000e2000000)
 ParOldGen       total 65536K, used 21673K [0x00000000a0000000, 0x00000000a4000000, 0x00000000e0000000)
  object space 65536K, 33% used [0x00000000a0000000,0x00000000a152a530,0x00000000a4000000)
 Metaspace       used 19122K, capacity 20138K, committed 20352K, reserved 1067008K
  class space    used 2736K, capacity 2938K, committed 2944K, reserved 1048576K
Event: 36.473 GC heap after
Heap after GC invocations=4 (full 0):
 PSYoungGen      total 28672K, used 4091K [0x00000000e0000000, 0x00000000e3800000, 0x0000000100000000)
  eden space 24576K, 0% used [0x00000000e0000000,0x00000000e0000000,0x00000000e1800000)
  from space 4096K, 99% used [0x00000000e1c00000,0x00000000e1ffef20,0x00000000e2000000)
  to   space 4096K, 0% used [0x00000000e1800000,0x00000000e1800000,0x00000000e1c00000)
 ParOldGen       total 65536K, used 35225K [0x00000000a0000000, 0x00000000a4000000, 0x00000000e0000000)
  object space 65536K, 53% used [0x00000000a0000000,0x00000000a2266668,0x00000000a4000000)
 Metaspace       used 19122K, capacity 20138K, committed 20352K, reserved 1067008K
  class space    used 2736K, capacity 2938K, committed 2944K, reserved 1048576K
}

