# JRE version: Java(TM) SE Runtime Environment (8.0_101-b13) (build 1.8.0_101-b13)
# Java VM: Java HotSpot(TM) 64-Bit Server VM (25.101-b13 mixed mode windows-amd64 compressed oops)
Heap:
 PSYoungGen      total 264192K, used 240312K [0x00000000e0000000, 0x00000000f0f00000, 0x0000000100000000)
  eden space 250880K, 95% used [0x00000000e0000000,0x00000000eea1ff70,0x00000000ef500000)
  from space 13312K, 4% used [0x00000000f0200000,0x00000000f028e110,0x00000000f0f00000)
  to   space 13312K, 0% used [0x00000000ef500000,0x00000000ef500000,0x00000000f0200000)
 ParOldGen       total 65536K, used 19776K [0x00000000a0000000, 0x00000000a4000000, 0x00000000e0000000)
  object space 65536K, 30% used [0x00000000a0000000,0x00000000a1350070,0x00000000a4000000)
 Metaspace       used 19455K, capacity 20434K, committed 20736K, reserved 1067008K
  class space    used 2741K, capacity 2948K, committed 3072K, reserved 1048576K
GC Heap History (10 events):
Event: 27.339 GC heap before
{Heap before GC invocations=8 (full 0):
 PSYoungGen      total 62464K, used 51613K [0x00000000e0000000, 0x00000000e7a00000, 0x0000000100000000)
  eden space 49152K, 99% used [0x00000000e0000000,0x00000000e2ff3350,0x00000000e3000000)
  from space 13312K, 18% used [0x00000000e3000000,0x00000000e32743e8,0x00000000e3d00000)
  to   space 13312K, 0% used [0x00000000e6d00000,0x00000000e6d00000,0x00000000e7a00000)
 ParOldGen       total 65536K, used 17717K [0x00000000a0000000, 0x00000000a4000000, 0x00000000e0000000)
  object space 65536K, 27% used [0x00000000a0000000,0x00000000a114d4b8,0x00000000a4000000)
 Metaspace       used 18789K, capacity 19762K, committed 19840K, reserved 1067008K
  class space    used 2736K, capacity 2938K, committed 2944K, reserved 1048576K
Event: 27.345 GC heap after
Heap after GC invocations=8 (full 0):
 PSYoungGen      total 111104K, used 766K [0x00000000e0000000, 0x00000000e7b00000, 0x0000000100000000)
  eden space 97792K, 0% used [0x00000000e0000000,0x00000000e0000000,0x00000000e5f80000)
  from space 13312K, 5% used [0x00000000e6d00000,0x00000000e6dbf8c0,0x00000000e7a00000)
  to   space 13824K, 0% used [0x00000000e5f80000,0x00000000e5f80000,0x00000000e6d00000)
 ParOldGen       total 65536K, used 19471K [0x00000000a0000000, 0x00000000a4000000, 0x00000000e0000000)
  object space 65536K, 29% used [0x00000000a0000000,0x00000000a1303fd8,0x00000000a4000000)
 Metaspace       used 18789K, capacity 19762K, committed 19840K, reserved 1067008K
  class space    used 2736K, capacity 2938K, committed 2944K, reserved 1048576K
}
Event: 37.794 GC heap before
{Heap before GC invocations=9 (full 0):
 PSYoungGen      total 111104K, used 98558K [0x00000000e0000000, 0x00000000e7b00000, 0x0000000100000000)
  eden space 97792K, 100% used [0x00000000e0000000,0x00000000e5f80000,0x00000000e5f80000)
  from space 13312K, 5% used [0x00000000e6d00000,0x00000000e6dbf8c0,0x00000000e7a00000)
  to   space 13824K, 0% used [0x00000000e5f80000,0x00000000e5f80000,0x00000000e6d00000)
 ParOldGen       total 65536K, used 19471K [0x00000000a0000000, 0x00000000a4000000, 0x00000000e0000000)
  object space 65536K, 29% used [0x00000000a0000000,0x00000000a1303fd8,0x00000000a4000000)
 Metaspace       used 18789K, capacity 19762K, committed 19840K, reserved 1067008K
  class space    used 2736K, capacity 2938K, committed 2944K, reserved 1048576K
Event: 37.797 GC heap after
Heap after GC invocations=9 (full 0):
 PSYoungGen      total 111616K, used 325K [0x00000000e0000000, 0x00000000eb400000, 0x0000000100000000)
  eden space 97792K, 0% used [0x00000000e0000000,0x00000000e0000000,0x00000000e5f80000)
  from space 13824K, 2% used [0x00000000e5f80000,0x00000000e5fd1510,0x00000000e6d00000)
  to   space 13824K, 0% used [0x00000000ea680000,0x00000000ea680000,0x00000000eb400000)
 ParOldGen       total 65536K, used 19736K [0x00000000a0000000, 0x00000000a4000000, 0x00000000e0000000)
  object space 65536K, 30% used [0x00000000a0000000,0x00000000a1346070,0x00000000a4000000)
 Metaspace       used 18789K, capacity 19762K, committed 19840K, reserved 1067008K
  class space    used 2736K, capacity 2938K, committed 2944K, reserved 1048576K
}
Event: 37.879 GC heap before
{Heap before GC invocations=10 (full 0):
 PSYoungGen      total 111616K, used 97943K [0x00000000e0000000, 0x00000000eb400000, 0x0000000100000000)
  eden space 97792K, 99% used [0x00000000e0000000,0x00000000e5f54790,0x00000000e5f80000)
  from space 13824K, 2% used [0x00000000e5f80000,0x00000000e5fd1510,0x00000000e6d00000)
  to   space 13824K, 0% used [0x00000000ea680000,0x00000000ea680000,0x00000000eb400000)
 ParOldGen       total 65536K, used 19736K [0x00000000a0000000, 0x00000000a4000000, 0x00000000e0000000)
  object space 65536K, 30% used [0x00000000a0000000,0x00000000a1346070,0x00000000a4000000)
 Metaspace       used 18791K, capacity 19762K, committed 19840K, reserved 1067008K
  class space    used 2736K, capacity 2938K, committed 2944K, reserved 1048576K
Event: 37.882 GC heap after
Heap after GC invocations=10 (full 0):
 PSYoungGen      total 170496K, used 587K [0x00000000e0000000, 0x00000000eb400000, 0x0000000100000000)
  eden space 156672K, 0% used [0x00000000e0000000,0x00000000e0000000,0x00000000e9900000)
  from space 13824K, 4% used [0x00000000ea680000,0x00000000ea712f30,0x00000000eb400000)
  to   space 13824K, 0% used [0x00000000e9900000,0x00000000e9900000,0x00000000ea680000)
 ParOldGen       total 65536K, used 19768K [0x00000000a0000000, 0x00000000a4000000, 0x00000000e0000000)
  object space 65536K, 30% used [0x00000000a0000000,0x00000000a134e070,0x00000000a4000000)
 Metaspace       used 18791K, capacity 19762K, committed 19840K, reserved 1067008K
  class space    used 2736K, capacity 2938K, committed 2944K, reserved 1048576K
}
Event: 38.398 GC heap before
{Heap before GC invocations=11 (full 0):
 PSYoungGen      total 170496K, used 157259K [0x00000000e0000000, 0x00000000eb400000, 0x0000000100000000)
  eden space 156672K, 100% used [0x00000000e0000000,0x00000000e9900000,0x00000000e9900000)
  from space 13824K, 4% used [0x00000000ea680000,0x00000000ea712f30,0x00000000eb400000)
  to   space 13824K, 0% used [0x00000000e9900000,0x00000000e9900000,0x00000000ea680000)
 ParOldGen       total 65536K, used 19768K [0x00000000a0000000, 0x00000000a4000000, 0x00000000e0000000)
  object space 65536K, 30% used [0x00000000a0000000,0x00000000a134e070,0x00000000a4000000)
 Metaspace       used 18791K, capacity 19762K, committed 19840K, reserved 1067008K
  class space    used 2736K, capacity 2938K, committed 2944K, reserved 1048576K
Event: 38.400 GC heap after
Heap after GC invocations=11 (full 0):
 PSYoungGen      total 170496K, used 576K [0x00000000e0000000, 0x00000000f0f00000, 0x0000000100000000)
  eden space 156672K, 0% used [0x00000000e0000000,0x00000000e0000000,0x00000000e9900000)
  from space 13824K, 4% used [0x00000000e9900000,0x00000000e9990050,0x00000000ea680000)
  to   space 13312K, 0% used [0x00000000f0200000,0x00000000f0200000,0x00000000f0f00000)
 ParOldGen       total 65536K, used 19776K [0x00000000a0000000, 0x00000000a4000000, 0x00000000e0000000)
  object space 65536K, 30% used [0x00000000a0000000,0x00000000a1350070,0x00000000a4000000)
 Metaspace       used 18791K, capacity 19762K, committed 19840K, reserved 1067008K
  class space    used 2736K, capacity 2938K, committed 2944K, reserved 1048576K
}
Event: 38.525 GC heap before
{Heap before GC invocations=12 (full 0):
 PSYoungGen      total 170496K, used 157153K [0x00000000e0000000, 0x00000000f0f00000, 0x0000000100000000)
  eden space 156672K, 99% used [0x00000000e0000000,0x00000000e98e8720,0x00000000e9900000)
  from space 13824K, 4% used [0x00000000e9900000,0x00000000e9990050,0x00000000ea680000)
  to   space 13312K, 0% used [0x00000000f0200000,0x00000000f0200000,0x00000000f0f00000)
 ParOldGen       total 65536K, used 19776K [0x00000000a0000000, 0x00000000a4000000, 0x00000000e0000000)
  object space 65536K, 30% used [0x00000000a0000000,0x00000000a1350070,0x00000000a4000000)
 Metaspace       used 18791K, capacity 19762K, committed 19840K, reserved 1067008K
  class space    used 2736K, capacity 2938K, committed 2944K, reserved 1048576K
Event: 38.527 GC heap after
Heap after GC invocations=12 (full 0):
 PSYoungGen      total 264192K, used 568K [0x00000000e0000000, 0x00000000f0f00000, 0x0000000100000000)
  eden space 250880K, 0% used [0x00000000e0000000,0x00000000e0000000,0x00000000ef500000)
  from space 13312K, 4% used [0x00000000f0200000,0x00000000f028e110,0x00000000f0f00000)
  to   space 13312K, 0% used [0x00000000ef500000,0x00000000ef500000,0x00000000f0200000)
 ParOldGen       total 65536K, used 19776K [0x00000000a0000000, 0x00000000a4000000, 0x00000000e0000000)
  object space 65536K, 30% used [0x00000000a0000000,0x00000000a1350070,0x00000000a4000000)
 Metaspace       used 18791K, capacity 19762K, committed 19840K, reserved 1067008K
  class space    used 2736K, capacity 2938K, committed 2944K, reserved 1048576K
}

