# JRE version: Java(TM) SE Runtime Environment (8.0_101-b13) (build 1.8.0_101-b13)
# Java VM: Java HotSpot(TM) 64-Bit Server VM (25.101-b13 mixed mode windows-amd64 compressed oops)
Heap:
 PSYoungGen      total 219136K, used 85836K [0x00000000e0000000, 0x00000000ef400000, 0x0000000100000000)
  eden space 194560K, 34% used [0x00000000e0000000,0x00000000e422a768,0x00000000ebe00000)
  from space 24576K, 73% used [0x00000000ed800000,0x00000000ee9a8b88,0x00000000ef000000)
  to   space 26624K, 0% used [0x00000000ebe00000,0x00000000ebe00000,0x00000000ed800000)
 ParOldGen       total 65536K, used 31488K [0x00000000a0000000, 0x00000000a4000000, 0x00000000e0000000)
  object space 65536K, 48% used [0x00000000a0000000,0x00000000a1ec0108,0x00000000a4000000)
 Metaspace       used 19600K, capacity 20622K, committed 20992K, reserved 1067008K
  class space    used 2738K, capacity 2948K, committed 3072K, reserved 1048576K
GC Heap History (10 events):
Event: 23.580 GC heap before
{Heap before GC invocations=4 (full 0):
 PSYoungGen      total 28672K, used 28626K [0x00000000e0000000, 0x00000000e3800000, 0x0000000100000000)
  eden space 24576K, 99% used [0x00000000e0000000,0x00000000e17fc628,0x00000000e1800000)
  from space 4096K, 99% used [0x00000000e1800000,0x00000000e1bf8480,0x00000000e1c00000)
  to   space 4096K, 0% used [0x00000000e3400000,0x00000000e3400000,0x00000000e3800000)
 ParOldGen       total 65536K, used 23852K [0x00000000a0000000, 0x00000000a4000000, 0x00000000e0000000)
  object space 65536K, 36% used [0x00000000a0000000,0x00000000a174b2d8,0x00000000a4000000)
 Metaspace       used 19182K, capacity 20174K, committed 20480K, reserved 1067008K
  class space    used 2738K, capacity 2948K, committed 3072K, reserved 1048576K
Event: 23.623 GC heap after
Heap after GC invocations=4 (full 0):
 PSYoungGen      total 53248K, used 4082K [0x00000000e0000000, 0x00000000e3800000, 0x0000000100000000)
  eden space 49152K, 0% used [0x00000000e0000000,0x00000000e0000000,0x00000000e3000000)
  from space 4096K, 99% used [0x00000000e3400000,0x00000000e37fc930,0x00000000e3800000)
  to   space 4096K, 0% used [0x00000000e3000000,0x00000000e3000000,0x00000000e3400000)
 ParOldGen       total 65536K, used 28480K [0x00000000a0000000, 0x00000000a4000000, 0x00000000e0000000)
  object space 65536K, 43% used [0x00000000a0000000,0x00000000a1bd02c0,0x00000000a4000000)
 Metaspace       used 19182K, capacity 20174K, committed 20480K, reserved 1067008K
  class space    used 2738K, capacity 2948K, committed 3072K, reserved 1048576K
}
Event: 23.678 GC heap before
{Heap before GC invocations=5 (full 0):
 PSYoungGen      total 53248K, used 53234K [0x00000000e0000000, 0x00000000e3800000, 0x0000000100000000)
  eden space 49152K, 100% used [0x00000000e0000000,0x00000000e3000000,0x00000000e3000000)
  from space 4096K, 99% used [0x00000000e3400000,0x00000000e37fc930,0x00000000e3800000)
  to   space 4096K, 0% used [0x00000000e3000000,0x00000000e3000000,0x00000000e3400000)
 ParOldGen       total 65536K, used 28480K [0x00000000a0000000, 0x00000000a4000000, 0x00000000e0000000)
  object space 65536K, 43% used [0x00000000a0000000,0x00000000a1bd02c0,0x00000000a4000000)
 Metaspace       used 19182K, capacity 20174K, committed 20480K, reserved 1067008K
  class space    used 2738K, capacity 2948K, committed 3072K, reserved 1048576K
Event: 23.721 GC heap after
Heap after GC invocations=5 (full 0):
 PSYoungGen      total 53248K, used 4082K [0x00000000e0000000, 0x00000000e8b00000, 0x0000000100000000)
  eden space 49152K, 0% used [0x00000000e0000000,0x00000000e0000000,0x00000000e3000000)
  from space 4096K, 99% used [0x00000000e3000000,0x00000000e33fc840,0x00000000e3400000)
  to   space 22016K, 0% used [0x00000000e7580000,0x00000000e7580000,0x00000000e8b00000)
 ParOldGen       total 65536K, used 28784K [0x00000000a0000000, 0x00000000a4000000, 0x00000000e0000000)
  object space 65536K, 43% used [0x00000000a0000000,0x00000000a1c1c228,0x00000000a4000000)
 Metaspace       used 19182K, capacity 20174K, committed 20480K, reserved 1067008K
  class space    used 2738K, capacity 2948K, committed 3072K, reserved 1048576K
}
Event: 23.770 GC heap before
{Heap before GC invocations=6 (full 0):
 PSYoungGen      total 53248K, used 53234K [0x00000000e0000000, 0x00000000e8b00000, 0x0000000100000000)
  eden space 49152K, 100% used [0x00000000e0000000,0x00000000e3000000,0x00000000e3000000)
  from space 4096K, 99% used [0x00000000e3000000,0x00000000e33fc840,0x00000000e3400000)
  to   space 22016K, 0% used [0x00000000e7580000,0x00000000e7580000,0x00000000e8b00000)
 ParOldGen       total 65536K, used 28784K [0x00000000a0000000, 0x00000000a4000000, 0x00000000e0000000)
  object space 65536K, 43% used [0x00000000a0000000,0x00000000a1c1c228,0x00000000a4000000)
 Metaspace       used 19182K, capacity 20174K, committed 20480K, reserved 1067008K
  class space    used 2738K, capacity 2948K, committed 3072K, reserved 1048576K
Event: 23.794 GC heap after
Heap after GC invocations=6 (full 0):
 PSYoungGen      total 119296K, used 4171K [0x00000000e0000000, 0x00000000e8a00000, 0x0000000100000000)
  eden space 98304K, 0% used [0x00000000e0000000,0x00000000e0000000,0x00000000e6000000)
  from space 20992K, 19% used [0x00000000e7580000,0x00000000e7992cb0,0x00000000e8a00000)
  to   space 21504K, 0% used [0x00000000e6000000,0x00000000e6000000,0x00000000e7500000)
 ParOldGen       total 65536K, used 28784K [0x00000000a0000000, 0x00000000a4000000, 0x00000000e0000000)
  object space 65536K, 43% used [0x00000000a0000000,0x00000000a1c1c228,0x00000000a4000000)
 Metaspace       used 19182K, capacity 20174K, committed 20480K, reserved 1067008K
  class space    used 2738K, capacity 2948K, committed 3072K, reserved 1048576K
}
Event: 62.691 GC heap before
{Heap before GC invocations=7 (full 0):
 PSYoungGen      total 119296K, used 102475K [0x00000000e0000000, 0x00000000e8a00000, 0x0000000100000000)
  eden space 98304K, 100% used [0x00000000e0000000,0x00000000e6000000,0x00000000e6000000)
  from space 20992K, 19% used [0x00000000e7580000,0x00000000e7992cb0,0x00000000e8a00000)
  to   space 21504K, 0% used [0x00000000e6000000,0x00000000e6000000,0x00000000e7500000)
 ParOldGen       total 65536K, used 28784K [0x00000000a0000000, 0x00000000a4000000, 0x00000000e0000000)
  object space 65536K, 43% used [0x00000000a0000000,0x00000000a1c1c228,0x00000000a4000000)
 Metaspace       used 19458K, capacity 20430K, committed 20736K, reserved 1067008K
  class space    used 2738K, capacity 2948K, committed 3072K, reserved 1048576K
Event: 62.793 GC heap after
Heap after GC invocations=7 (full 0):
 PSYoungGen      total 119808K, used 19157K [0x00000000e0000000, 0x00000000ef000000, 0x0000000100000000)
  eden space 98304K, 0% used [0x00000000e0000000,0x00000000e0000000,0x00000000e6000000)
  from space 21504K, 89% used [0x00000000e6000000,0x00000000e72b5718,0x00000000e7500000)
  to   space 24576K, 0% used [0x00000000ed800000,0x00000000ed800000,0x00000000ef000000)
 ParOldGen       total 65536K, used 30448K [0x00000000a0000000, 0x00000000a4000000, 0x00000000e0000000)
  object space 65536K, 46% used [0x00000000a0000000,0x00000000a1dbc180,0x00000000a4000000)
 Metaspace       used 19458K, capacity 20430K, committed 20736K, reserved 1067008K
  class space    used 2738K, capacity 2948K, committed 3072K, reserved 1048576K
}
Event: 62.864 GC heap before
{Heap before GC invocations=8 (full 0):
 PSYoungGen      total 119808K, used 117461K [0x00000000e0000000, 0x00000000ef000000, 0x0000000100000000)
  eden space 98304K, 100% used [0x00000000e0000000,0x00000000e6000000,0x00000000e6000000)
  from space 21504K, 89% used [0x00000000e6000000,0x00000000e72b5718,0x00000000e7500000)
  to   space 24576K, 0% used [0x00000000ed800000,0x00000000ed800000,0x00000000ef000000)
 ParOldGen       total 65536K, used 30448K [0x00000000a0000000, 0x00000000a4000000, 0x00000000e0000000)
  object space 65536K, 46% used [0x00000000a0000000,0x00000000a1dbc180,0x00000000a4000000)
 Metaspace       used 19458K, capacity 20430K, committed 20736K, reserved 1067008K
  class space    used 2738K, capacity 2948K, committed 3072K, reserved 1048576K
Event: 62.933 GC heap after
Heap after GC invocations=8 (full 0):
 PSYoungGen      total 219136K, used 18082K [0x00000000e0000000, 0x00000000ef400000, 0x0000000100000000)
  eden space 194560K, 0% used [0x00000000e0000000,0x00000000e0000000,0x00000000ebe00000)
  from space 24576K, 73% used [0x00000000ed800000,0x00000000ee9a8b88,0x00000000ef000000)
  to   space 26624K, 0% used [0x00000000ebe00000,0x00000000ebe00000,0x00000000ed800000)
 ParOldGen       total 65536K, used 31488K [0x00000000a0000000, 0x00000000a4000000, 0x00000000e0000000)
  object space 65536K, 48% used [0x00000000a0000000,0x00000000a1ec0108,0x00000000a4000000)
 Metaspace       used 19458K, capacity 20430K, committed 20736K, reserved 1067008K
  class space    used 2738K, capacity 2948K, committed 3072K, reserved 1048576K
}

