# JRE version: Java(TM) SE Runtime Environment (8.0_101-b13) (build 1.8.0_101-b13)
# Java VM: Java HotSpot(TM) 64-Bit Server VM (25.101-b13 mixed mode windows-amd64 compressed oops)
Heap:
 PSYoungGen      total 62464K, used 43812K [0x00000000e0000000, 0x00000000e7900000, 0x0000000100000000)
  eden space 49152K, 79% used [0x00000000e0000000,0x00000000e25eda38,0x00000000e3000000)
  from space 13312K, 37% used [0x00000000e3000000,0x00000000e34db8d8,0x00000000e3d00000)
  to   space 12800K, 0% used [0x00000000e6c80000,0x00000000e6c80000,0x00000000e7900000)
 ParOldGen       total 65536K, used 16412K [0x00000000a0000000, 0x00000000a4000000, 0x00000000e0000000)
  object space 65536K, 25% used [0x00000000a0000000,0x00000000a1007028,0x00000000a4000000)
 Metaspace       used 19370K, capacity 20370K, committed 20736K, reserved 1067008K
  class space    used 2741K, capacity 2948K, committed 3072K, reserved 1048576K
GC Heap History (10 events):
Event: 13.739 GC heap before
{Heap before GC invocations=3 (full 0):
 PSYoungGen      total 28672K, used 28527K [0x00000000e0000000, 0x00000000e2000000, 0x0000000100000000)
  eden space 24576K, 99% used [0x00000000e0000000,0x00000000e17dc4a0,0x00000000e1800000)
  from space 4096K, 99% used [0x00000000e1c00000,0x00000000e1fffa50,0x00000000e2000000)
  to   space 4096K, 0% used [0x00000000e1800000,0x00000000e1800000,0x00000000e1c00000)
 ParOldGen       total 65536K, used 7877K [0x00000000a0000000, 0x00000000a4000000, 0x00000000e0000000)
  object space 65536K, 12% used [0x00000000a0000000,0x00000000a07b1420,0x00000000a4000000)
 Metaspace       used 18771K, capacity 19698K, committed 19840K, reserved 1067008K
  class space    used 2733K, capacity 2938K, committed 2944K, reserved 1048576K
Event: 13.767 GC heap after
Heap after GC invocations=3 (full 0):
 PSYoungGen      total 28672K, used 4084K [0x00000000e0000000, 0x00000000e2000000, 0x0000000100000000)
  eden space 24576K, 0% used [0x00000000e0000000,0x00000000e0000000,0x00000000e1800000)
  from space 4096K, 99% used [0x00000000e1800000,0x00000000e1bfd3c0,0x00000000e1c00000)
  to   space 4096K, 0% used [0x00000000e1c00000,0x00000000e1c00000,0x00000000e2000000)
 ParOldGen       total 65536K, used 13545K [0x00000000a0000000, 0x00000000a4000000, 0x00000000e0000000)
  object space 65536K, 20% used [0x00000000a0000000,0x00000000a0d3a5b0,0x00000000a4000000)
 Metaspace       used 18771K, capacity 19698K, committed 19840K, reserved 1067008K
  class space    used 2733K, capacity 2938K, committed 2944K, reserved 1048576K
}
Event: 13.793 GC heap before
{Heap before GC invocations=4 (full 0):
 PSYoungGen      total 28672K, used 28660K [0x00000000e0000000, 0x00000000e2000000, 0x0000000100000000)
  eden space 24576K, 100% used [0x00000000e0000000,0x00000000e1800000,0x00000000e1800000)
  from space 4096K, 99% used [0x00000000e1800000,0x00000000e1bfd3c0,0x00000000e1c00000)
  to   space 4096K, 0% used [0x00000000e1c00000,0x00000000e1c00000,0x00000000e2000000)
 ParOldGen       total 65536K, used 13545K [0x00000000a0000000, 0x00000000a4000000, 0x00000000e0000000)
  object space 65536K, 20% used [0x00000000a0000000,0x00000000a0d3a5b0,0x00000000a4000000)
 Metaspace       used 18772K, capacity 19698K, committed 19840K, reserved 1067008K
  class space    used 2733K, capacity 2938K, committed 2944K, reserved 1048576K
Event: 13.817 GC heap after
Heap after GC invocations=4 (full 0):
 PSYoungGen      total 28672K, used 4076K [0x00000000e0000000, 0x00000000e3800000, 0x0000000100000000)
  eden space 24576K, 0% used [0x00000000e0000000,0x00000000e0000000,0x00000000e1800000)
  from space 4096K, 99% used [0x00000000e1c00000,0x00000000e1ffb228,0x00000000e2000000)
  to   space 4096K, 0% used [0x00000000e1800000,0x00000000e1800000,0x00000000e1c00000)
 ParOldGen       total 65536K, used 14329K [0x00000000a0000000, 0x00000000a4000000, 0x00000000e0000000)
  object space 65536K, 21% used [0x00000000a0000000,0x00000000a0dfe600,0x00000000a4000000)
 Metaspace       used 18772K, capacity 19698K, committed 19840K, reserved 1067008K
  class space    used 2733K, capacity 2938K, committed 2944K, reserved 1048576K
}
Event: 13.843 GC heap before
{Heap before GC invocations=5 (full 0):
 PSYoungGen      total 28672K, used 28566K [0x00000000e0000000, 0x00000000e3800000, 0x0000000100000000)
  eden space 24576K, 99% used [0x00000000e0000000,0x00000000e17ea820,0x00000000e1800000)
  from space 4096K, 99% used [0x00000000e1c00000,0x00000000e1ffb228,0x00000000e2000000)
  to   space 4096K, 0% used [0x00000000e1800000,0x00000000e1800000,0x00000000e1c00000)
 ParOldGen       total 65536K, used 14329K [0x00000000a0000000, 0x00000000a4000000, 0x00000000e0000000)
  object space 65536K, 21% used [0x00000000a0000000,0x00000000a0dfe600,0x00000000a4000000)
 Metaspace       used 18777K, capacity 19698K, committed 19840K, reserved 1067008K
  class space    used 2733K, capacity 2938K, committed 2944K, reserved 1048576K
Event: 13.871 GC heap after
Heap after GC invocations=5 (full 0):
 PSYoungGen      total 28672K, used 4076K [0x00000000e0000000, 0x00000000e4b00000, 0x0000000100000000)
  eden space 24576K, 0% used [0x00000000e0000000,0x00000000e0000000,0x00000000e1800000)
  from space 4096K, 99% used [0x00000000e1800000,0x00000000e1bfb228,0x00000000e1c00000)
  to   space 13824K, 0% used [0x00000000e3d80000,0x00000000e3d80000,0x00000000e4b00000)
 ParOldGen       total 65536K, used 14829K [0x00000000a0000000, 0x00000000a4000000, 0x00000000e0000000)
  object space 65536K, 22% used [0x00000000a0000000,0x00000000a0e7b428,0x00000000a4000000)
 Metaspace       used 18777K, capacity 19698K, committed 19840K, reserved 1067008K
  class space    used 2733K, capacity 2938K, committed 2944K, reserved 1048576K
}
Event: 13.893 GC heap before
{Heap before GC invocations=6 (full 0):
 PSYoungGen      total 28672K, used 28537K [0x00000000e0000000, 0x00000000e4b00000, 0x0000000100000000)
  eden space 24576K, 99% used [0x00000000e0000000,0x00000000e17e3598,0x00000000e1800000)
  from space 4096K, 99% used [0x00000000e1800000,0x00000000e1bfb228,0x00000000e1c00000)
  to   space 13824K, 0% used [0x00000000e3d80000,0x00000000e3d80000,0x00000000e4b00000)
 ParOldGen       total 65536K, used 14829K [0x00000000a0000000, 0x00000000a4000000, 0x00000000e0000000)
  object space 65536K, 22% used [0x00000000a0000000,0x00000000a0e7b428,0x00000000a4000000)
 Metaspace       used 18778K, capacity 19698K, committed 19840K, reserved 1067008K
  class space    used 2733K, capacity 2938K, committed 2944K, reserved 1048576K
Event: 13.914 GC heap after
Heap after GC invocations=6 (full 0):
 PSYoungGen      total 61952K, used 4619K [0x00000000e0000000, 0x00000000e4a00000, 0x0000000100000000)
  eden space 49152K, 0% used [0x00000000e0000000,0x00000000e0000000,0x00000000e3000000)
  from space 12800K, 36% used [0x00000000e3d80000,0x00000000e4202ea8,0x00000000e4a00000)
  to   space 13312K, 0% used [0x00000000e3000000,0x00000000e3000000,0x00000000e3d00000)
 ParOldGen       total 65536K, used 14837K [0x00000000a0000000, 0x00000000a4000000, 0x00000000e0000000)
  object space 65536K, 22% used [0x00000000a0000000,0x00000000a0e7d428,0x00000000a4000000)
 Metaspace       used 18778K, capacity 19698K, committed 19840K, reserved 1067008K
  class space    used 2733K, capacity 2938K, committed 2944K, reserved 1048576K
}
Event: 25.225 GC heap before
{Heap before GC invocations=7 (full 0):
 PSYoungGen      total 61952K, used 53771K [0x00000000e0000000, 0x00000000e4a00000, 0x0000000100000000)
  eden space 49152K, 100% used [0x00000000e0000000,0x00000000e3000000,0x00000000e3000000)
  from space 12800K, 36% used [0x00000000e3d80000,0x00000000e4202ea8,0x00000000e4a00000)
  to   space 13312K, 0% used [0x00000000e3000000,0x00000000e3000000,0x00000000e3d00000)
 ParOldGen       total 65536K, used 14837K [0x00000000a0000000, 0x00000000a4000000, 0x00000000e0000000)
  object space 65536K, 22% used [0x00000000a0000000,0x00000000a0e7d428,0x00000000a4000000)
 Metaspace       used 18878K, capacity 19890K, committed 20096K, reserved 1067008K
  class space    used 2733K, capacity 2938K, committed 2944K, reserved 1048576K
Event: 25.254 GC heap after
Heap after GC invocations=7 (full 0):
 PSYoungGen      total 62464K, used 4974K [0x00000000e0000000, 0x00000000e7900000, 0x0000000100000000)
  eden space 49152K, 0% used [0x00000000e0000000,0x00000000e0000000,0x00000000e3000000)
  from space 13312K, 37% used [0x00000000e3000000,0x00000000e34db8d8,0x00000000e3d00000)
  to   space 12800K, 0% used [0x00000000e6c80000,0x00000000e6c80000,0x00000000e7900000)
 ParOldGen       total 65536K, used 16412K [0x00000000a0000000, 0x00000000a4000000, 0x00000000e0000000)
  object space 65536K, 25% used [0x00000000a0000000,0x00000000a1007028,0x00000000a4000000)
 Metaspace       used 18878K, capacity 19890K, committed 20096K, reserved 1067008K
  class space    used 2733K, capacity 2938K, committed 2944K, reserved 1048576K
}

