# JRE version: Java(TM) SE Runtime Environment (8.0_101-b13) (build 1.8.0_101-b13)
# Java VM: Java HotSpot(TM) 64-Bit Server VM (25.101-b13 mixed mode windows-amd64 compressed oops)
Heap:
 PSYoungGen      total 268800K, used 137161K [0x00000000e0000000, 0x00000000fa300000, 0x0000000100000000)
  eden space 241152K, 56% used [0x00000000e0000000,0x00000000e8522588,0x00000000eeb80000)
  from space 27648K, 3% used [0x00000000eeb80000,0x00000000eec500e8,0x00000000f0680000)
  to   space 26624K, 0% used [0x00000000f8900000,0x00000000f8900000,0x00000000fa300000)
 ParOldGen       total 91648K, used 47604K [0x00000000a0000000, 0x00000000a5980000, 0x00000000e0000000)
  object space 91648K, 51% used [0x00000000a0000000,0x00000000a2e7d110,0x00000000a5980000)
 Metaspace       used 19596K, capacity 20558K, committed 20736K, reserved 1067008K
  class space    used 2739K, capacity 2948K, committed 3072K, reserved 1048576K
GC Heap History (10 events):
Event: 42.119 GC heap before
{Heap before GC invocations=10 (full 0):
 PSYoungGen      total 112128K, used 98769K [0x00000000e0000000, 0x00000000eb500000, 0x0000000100000000)
  eden space 98304K, 100% used [0x00000000e0000000,0x00000000e6000000,0x00000000e6000000)
  from space 13824K, 3% used [0x00000000e6000000,0x00000000e60747d0,0x00000000e6d80000)
  to   space 13824K, 0% used [0x00000000ea780000,0x00000000ea780000,0x00000000eb500000)
 ParOldGen       total 65536K, used 19892K [0x00000000a0000000, 0x00000000a4000000, 0x00000000e0000000)
  object space 65536K, 30% used [0x00000000a0000000,0x00000000a136d130,0x00000000a4000000)
 Metaspace       used 19391K, capacity 20418K, committed 20736K, reserved 1067008K
  class space    used 2739K, capacity 2948K, committed 3072K, reserved 1048576K
Event: 42.205 GC heap after
Heap after GC invocations=10 (full 0):
 PSYoungGen      total 164352K, used 13815K [0x00000000e0000000, 0x00000000ec300000, 0x0000000100000000)
  eden space 150528K, 0% used [0x00000000e0000000,0x00000000e0000000,0x00000000e9300000)
  from space 13824K, 99% used [0x00000000ea780000,0x00000000eb4fde70,0x00000000eb500000)
  to   space 20992K, 0% used [0x00000000e9300000,0x00000000e9300000,0x00000000ea780000)
 ParOldGen       total 65536K, used 32416K [0x00000000a0000000, 0x00000000a4000000, 0x00000000e0000000)
  object space 65536K, 49% used [0x00000000a0000000,0x00000000a1fa8328,0x00000000a4000000)
 Metaspace       used 19391K, capacity 20418K, committed 20736K, reserved 1067008K
  class space    used 2739K, capacity 2948K, committed 3072K, reserved 1048576K
}
Event: 47.267 GC heap before
{Heap before GC invocations=11 (full 0):
 PSYoungGen      total 164352K, used 164343K [0x00000000e0000000, 0x00000000ec300000, 0x0000000100000000)
  eden space 150528K, 100% used [0x00000000e0000000,0x00000000e9300000,0x00000000e9300000)
  from space 13824K, 99% used [0x00000000ea780000,0x00000000eb4fde70,0x00000000eb500000)
  to   space 20992K, 0% used [0x00000000e9300000,0x00000000e9300000,0x00000000ea780000)
 ParOldGen       total 65536K, used 32416K [0x00000000a0000000, 0x00000000a4000000, 0x00000000e0000000)
  object space 65536K, 49% used [0x00000000a0000000,0x00000000a1fa8328,0x00000000a4000000)
 Metaspace       used 19511K, capacity 20490K, committed 20736K, reserved 1067008K
  class space    used 2739K, capacity 2948K, committed 3072K, reserved 1048576K
Event: 47.365 GC heap after
Heap after GC invocations=11 (full 0):
 PSYoungGen      total 171520K, used 20963K [0x00000000e0000000, 0x00000000f2180000, 0x0000000100000000)
  eden space 150528K, 0% used [0x00000000e0000000,0x00000000e0000000,0x00000000e9300000)
  from space 20992K, 99% used [0x00000000e9300000,0x00000000ea778c38,0x00000000ea780000)
  to   space 27648K, 0% used [0x00000000f0680000,0x00000000f0680000,0x00000000f2180000)
 ParOldGen       total 65536K, used 40727K [0x00000000a0000000, 0x00000000a4000000, 0x00000000e0000000)
  object space 65536K, 62% used [0x00000000a0000000,0x00000000a27c5c18,0x00000000a4000000)
 Metaspace       used 19511K, capacity 20490K, committed 20736K, reserved 1067008K
  class space    used 2739K, capacity 2948K, committed 3072K, reserved 1048576K
}
Event: 47.507 GC heap before
{Heap before GC invocations=12 (full 0):
 PSYoungGen      total 171520K, used 171491K [0x00000000e0000000, 0x00000000f2180000, 0x0000000100000000)
  eden space 150528K, 100% used [0x00000000e0000000,0x00000000e9300000,0x00000000e9300000)
  from space 20992K, 99% used [0x00000000e9300000,0x00000000ea778c38,0x00000000ea780000)
  to   space 27648K, 0% used [0x00000000f0680000,0x00000000f0680000,0x00000000f2180000)
 ParOldGen       total 65536K, used 40727K [0x00000000a0000000, 0x00000000a4000000, 0x00000000e0000000)
  object space 65536K, 62% used [0x00000000a0000000,0x00000000a27c5c18,0x00000000a4000000)
 Metaspace       used 19511K, capacity 20490K, committed 20736K, reserved 1067008K
  class space    used 2739K, capacity 2948K, committed 3072K, reserved 1048576K
Event: 47.572 GC heap after
Heap after GC invocations=12 (full 0):
 PSYoungGen      total 268800K, used 521K [0x00000000e0000000, 0x00000000f2180000, 0x0000000100000000)
  eden space 241152K, 0% used [0x00000000e0000000,0x00000000e0000000,0x00000000eeb80000)
  from space 27648K, 1% used [0x00000000f0680000,0x00000000f0702590,0x00000000f2180000)
  to   space 27648K, 0% used [0x00000000eeb80000,0x00000000eeb80000,0x00000000f0680000)
 ParOldGen       total 65536K, used 61366K [0x00000000a0000000, 0x00000000a4000000, 0x00000000e0000000)
  object space 65536K, 93% used [0x00000000a0000000,0x00000000a3bed8a0,0x00000000a4000000)
 Metaspace       used 19511K, capacity 20490K, committed 20736K, reserved 1067008K
  class space    used 2739K, capacity 2948K, committed 3072K, reserved 1048576K
}
Event: 47.572 GC heap before
{Heap before GC invocations=13 (full 1):
 PSYoungGen      total 268800K, used 521K [0x00000000e0000000, 0x00000000f2180000, 0x0000000100000000)
  eden space 241152K, 0% used [0x00000000e0000000,0x00000000e0000000,0x00000000eeb80000)
  from space 27648K, 1% used [0x00000000f0680000,0x00000000f0702590,0x00000000f2180000)
  to   space 27648K, 0% used [0x00000000eeb80000,0x00000000eeb80000,0x00000000f0680000)
 ParOldGen       total 65536K, used 61366K [0x00000000a0000000, 0x00000000a4000000, 0x00000000e0000000)
  object space 65536K, 93% used [0x00000000a0000000,0x00000000a3bed8a0,0x00000000a4000000)
 Metaspace       used 19511K, capacity 20490K, committed 20736K, reserved 1067008K
  class space    used 2739K, capacity 2948K, committed 3072K, reserved 1048576K
Event: 47.995 GC heap after
Heap after GC invocations=13 (full 1):
 PSYoungGen      total 268800K, used 0K [0x00000000e0000000, 0x00000000f2180000, 0x0000000100000000)
  eden space 241152K, 0% used [0x00000000e0000000,0x00000000e0000000,0x00000000eeb80000)
  from space 27648K, 0% used [0x00000000f0680000,0x00000000f0680000,0x00000000f2180000)
  to   space 27648K, 0% used [0x00000000eeb80000,0x00000000eeb80000,0x00000000f0680000)
 ParOldGen       total 91648K, used 47604K [0x00000000a0000000, 0x00000000a5980000, 0x00000000e0000000)
  object space 91648K, 51% used [0x00000000a0000000,0x00000000a2e7d110,0x00000000a5980000)
 Metaspace       used 19511K, capacity 20490K, committed 20736K, reserved 1067008K
  class space    used 2739K, capacity 2948K, committed 3072K, reserved 1048576K
}
Event: 48.521 GC heap before
{Heap before GC invocations=14 (full 1):
 PSYoungGen      total 268800K, used 241152K [0x00000000e0000000, 0x00000000f2180000, 0x0000000100000000)
  eden space 241152K, 100% used [0x00000000e0000000,0x00000000eeb80000,0x00000000eeb80000)
  from space 27648K, 0% used [0x00000000f0680000,0x00000000f0680000,0x00000000f2180000)
  to   space 27648K, 0% used [0x00000000eeb80000,0x00000000eeb80000,0x00000000f0680000)
 ParOldGen       total 91648K, used 47604K [0x00000000a0000000, 0x00000000a5980000, 0x00000000e0000000)
  object space 91648K, 51% used [0x00000000a0000000,0x00000000a2e7d110,0x00000000a5980000)
 Metaspace       used 19511K, capacity 20490K, committed 20736K, reserved 1067008K
  class space    used 2739K, capacity 2948K, committed 3072K, reserved 1048576K
Event: 48.523 GC heap after
Heap after GC invocations=14 (full 1):
 PSYoungGen      total 268800K, used 832K [0x00000000e0000000, 0x00000000fa300000, 0x0000000100000000)
  eden space 241152K, 0% used [0x00000000e0000000,0x00000000e0000000,0x00000000eeb80000)
  from space 27648K, 3% used [0x00000000eeb80000,0x00000000eec500e8,0x00000000f0680000)
  to   space 26624K, 0% used [0x00000000f8900000,0x00000000f8900000,0x00000000fa300000)
 ParOldGen       total 91648K, used 47604K [0x00000000a0000000, 0x00000000a5980000, 0x00000000e0000000)
  object space 91648K, 51% used [0x00000000a0000000,0x00000000a2e7d110,0x00000000a5980000)
 Metaspace       used 19511K, capacity 20490K, committed 20736K, reserved 1067008K
  class space    used 2739K, capacity 2948K, committed 3072K, reserved 1048576K
}

